<?xml version="1.0" encoding="UTF-8"?>
<!-- Generated by org.testng.reporters.JUnitXMLReporter -->
<testsuite ignored="0" hostname="OmkarUpadhye" failures="0" tests="6" name="TestRun" time="121.921" errors="0" timestamp="2021-05-02T17:54:29 NZST">
  <testcase classname="TestPackage.AddVoteRegisteredModel_Lancia_Delta" name="addVoteLanciaDelta" time="7.194"/>
  <testcase classname="TestPackage.UpdateUserDetailsForAddedVote" name="updateFnameLnameforAddedVote" time="18.28"/>
  <testcase classname="TestPackage.AddVotePopularModelDiablo" name="addVoteDiablo" time="5.98"/>
  <testcase classname="TestPackage.LoginWithChangedPassword" name="loginWthChangedPwd" time="12.863"/>
  <testcase classname="TestPackage.AddVoteWithoutLogin" name="verifyAddvote" time="13.136"/>
  <testcase classname="TestPackage.Registration" name="verifyRegistration" time="1.133"/>
</testsuite> <!-- TestRun -->
