<?xml version="1.0" encoding="UTF-8"?>
<testng-results ignored="0" total="1" passed="1" failed="0" skipped="0">
  <reporter-output>
  </reporter-output>
  <suite started-at="2021-05-02T18:17:42 NZST" name="Default suite" finished-at="2021-05-02T18:18:05 NZST" duration-ms="22968">
    <groups>
    </groups>
    <test started-at="2021-05-02T18:17:42 NZST" name="Default test" finished-at="2021-05-02T18:18:05 NZST" duration-ms="22968">
      <class name="TestPackage.AddVoteRegisteredModel_Lancia_Delta">
        <test-method is-config="true" signature="beforeTest()[pri:0, instance:TestPackage.AddVoteRegisteredModel_Lancia_Delta@2118cddf]" started-at="2021-05-02T18:17:42 NZST" name="beforeTest" finished-at="2021-05-02T18:17:55 NZST" duration-ms="13065" status="PASS">
          <reporter-output>
          </reporter-output>
        </test-method> <!-- beforeTest -->
        <test-method signature="addVoteLanciaDelta()[pri:0, instance:TestPackage.AddVoteRegisteredModel_Lancia_Delta@2118cddf]" started-at="2021-05-02T18:17:55 NZST" name="addVoteLanciaDelta" finished-at="2021-05-02T18:18:04 NZST" duration-ms="9100" status="PASS">
          <reporter-output>
          </reporter-output>
        </test-method> <!-- addVoteLanciaDelta -->
        <test-method is-config="true" signature="afterTest()[pri:0, instance:TestPackage.AddVoteRegisteredModel_Lancia_Delta@2118cddf]" started-at="2021-05-02T18:18:04 NZST" name="afterTest" finished-at="2021-05-02T18:18:05 NZST" duration-ms="764" status="PASS">
          <reporter-output>
          </reporter-output>
        </test-method> <!-- afterTest -->
      </class> <!-- TestPackage.AddVoteRegisteredModel_Lancia_Delta -->
    </test> <!-- Default test -->
  </suite> <!-- Default suite -->
</testng-results>
